<?xml version="1.0" encoding="UTF-8"?>
<robot generator="Robot 6.1.1 (Python 3.12.0 on win32)" generated="20231213 22:37:17.926" rpa="false" schemaversion="4">
<suite id="s1" name="Exercicio" source="c:\Projetos\RobotFramework\ExemplosEstruturas\ExemplosEstruturas\exercicio.robot">
<test id="s1-t1" name="Teste de imprimir 1 e 5 Maria e Jose" line="10">
<kw name="Imprimir somente se for 1 e 5">
<kw name="Log To Console" library="BuiltIn">
<arg>${\n}</arg>
<doc>Logs the given message to the console.</doc>
<status status="PASS" starttime="20231213 22:37:17.970" endtime="20231213 22:37:17.971"/>
</kw>
<for flavor="IN">
<var>${nome}</var>
<value>@{NOMES}</value>
<iter>
<var name="${nome}">1</var>
<if>
<branch type="IF" condition="${nome} == 1">
<kw name="Log To Console" library="BuiltIn">
<arg>Eu sou a Maria!</arg>
<doc>Logs the given message to the console.</doc>
<status status="PASS" starttime="20231213 22:37:17.972" endtime="20231213 22:37:17.973"/>
</kw>
<status status="PASS" starttime="20231213 22:37:17.972" endtime="20231213 22:37:17.973"/>
</branch>
<branch type="ELSE IF" condition="${nome} == 2">
<kw name="Log To Console" library="BuiltIn">
<arg>Eu sou o Jose!</arg>
<doc>Logs the given message to the console.</doc>
<status status="NOT RUN" starttime="20231213 22:37:17.974" endtime="20231213 22:37:17.974"/>
</kw>
<status status="NOT RUN" starttime="20231213 22:37:17.973" endtime="20231213 22:37:17.974"/>
</branch>
<branch type="ELSE">
<kw name="Log To Console" library="BuiltIn">
<arg>Eu não sou nem Maria nem Jose!</arg>
<doc>Logs the given message to the console.</doc>
<status status="NOT RUN" starttime="20231213 22:37:17.975" endtime="20231213 22:37:17.975"/>
</kw>
<status status="NOT RUN" starttime="20231213 22:37:17.974" endtime="20231213 22:37:17.975"/>
</branch>
<status status="PASS" starttime="20231213 22:37:17.972" endtime="20231213 22:37:17.976"/>
</if>
<status status="PASS" starttime="20231213 22:37:17.972" endtime="20231213 22:37:17.976"/>
</iter>
<iter>
<var name="${nome}">2</var>
<if>
<branch type="IF" condition="${nome} == 1">
<kw name="Log To Console" library="BuiltIn">
<arg>Eu sou a Maria!</arg>
<doc>Logs the given message to the console.</doc>
<status status="NOT RUN" starttime="20231213 22:37:17.977" endtime="20231213 22:37:17.977"/>
</kw>
<status status="NOT RUN" starttime="20231213 22:37:17.977" endtime="20231213 22:37:17.977"/>
</branch>
<branch type="ELSE IF" condition="${nome} == 2">
<kw name="Log To Console" library="BuiltIn">
<arg>Eu sou o Jose!</arg>
<doc>Logs the given message to the console.</doc>
<status status="PASS" starttime="20231213 22:37:17.978" endtime="20231213 22:37:17.978"/>
</kw>
<status status="PASS" starttime="20231213 22:37:17.977" endtime="20231213 22:37:17.978"/>
</branch>
<branch type="ELSE">
<kw name="Log To Console" library="BuiltIn">
<arg>Eu não sou nem Maria nem Jose!</arg>
<doc>Logs the given message to the console.</doc>
<status status="NOT RUN" starttime="20231213 22:37:17.979" endtime="20231213 22:37:17.979"/>
</kw>
<status status="NOT RUN" starttime="20231213 22:37:17.979" endtime="20231213 22:37:17.979"/>
</branch>
<status status="PASS" starttime="20231213 22:37:17.977" endtime="20231213 22:37:17.979"/>
</if>
<status status="PASS" starttime="20231213 22:37:17.976" endtime="20231213 22:37:17.979"/>
</iter>
<iter>
<var name="${nome}">3</var>
<if>
<branch type="IF" condition="${nome} == 1">
<kw name="Log To Console" library="BuiltIn">
<arg>Eu sou a Maria!</arg>
<doc>Logs the given message to the console.</doc>
<status status="NOT RUN" starttime="20231213 22:37:17.981" endtime="20231213 22:37:17.981"/>
</kw>
<status status="NOT RUN" starttime="20231213 22:37:17.980" endtime="20231213 22:37:17.981"/>
</branch>
<branch type="ELSE IF" condition="${nome} == 2">
<kw name="Log To Console" library="BuiltIn">
<arg>Eu sou o Jose!</arg>
<doc>Logs the given message to the console.</doc>
<status status="NOT RUN" starttime="20231213 22:37:17.982" endtime="20231213 22:37:17.982"/>
</kw>
<status status="NOT RUN" starttime="20231213 22:37:17.981" endtime="20231213 22:37:17.982"/>
</branch>
<branch type="ELSE">
<kw name="Log To Console" library="BuiltIn">
<arg>Eu não sou nem Maria nem Jose!</arg>
<doc>Logs the given message to the console.</doc>
<status status="PASS" starttime="20231213 22:37:17.983" endtime="20231213 22:37:17.984"/>
</kw>
<status status="PASS" starttime="20231213 22:37:17.983" endtime="20231213 22:37:17.984"/>
</branch>
<status status="PASS" starttime="20231213 22:37:17.980" endtime="20231213 22:37:17.984"/>
</if>
<status status="PASS" starttime="20231213 22:37:17.980" endtime="20231213 22:37:17.984"/>
</iter>
<iter>
<var name="${nome}">4</var>
<if>
<branch type="IF" condition="${nome} == 1">
<kw name="Log To Console" library="BuiltIn">
<arg>Eu sou a Maria!</arg>
<doc>Logs the given message to the console.</doc>
<status status="NOT RUN" starttime="20231213 22:37:17.985" endtime="20231213 22:37:17.985"/>
</kw>
<status status="NOT RUN" starttime="20231213 22:37:17.985" endtime="20231213 22:37:17.985"/>
</branch>
<branch type="ELSE IF" condition="${nome} == 2">
<kw name="Log To Console" library="BuiltIn">
<arg>Eu sou o Jose!</arg>
<doc>Logs the given message to the console.</doc>
<status status="NOT RUN" starttime="20231213 22:37:17.986" endtime="20231213 22:37:17.986"/>
</kw>
<status status="NOT RUN" starttime="20231213 22:37:17.986" endtime="20231213 22:37:17.986"/>
</branch>
<branch type="ELSE">
<kw name="Log To Console" library="BuiltIn">
<arg>Eu não sou nem Maria nem Jose!</arg>
<doc>Logs the given message to the console.</doc>
<status status="PASS" starttime="20231213 22:37:17.986" endtime="20231213 22:37:17.987"/>
</kw>
<status status="PASS" starttime="20231213 22:37:17.986" endtime="20231213 22:37:17.987"/>
</branch>
<status status="PASS" starttime="20231213 22:37:17.985" endtime="20231213 22:37:17.988"/>
</if>
<status status="PASS" starttime="20231213 22:37:17.985" endtime="20231213 22:37:17.988"/>
</iter>
<iter>
<var name="${nome}">1</var>
<if>
<branch type="IF" condition="${nome} == 1">
<kw name="Log To Console" library="BuiltIn">
<arg>Eu sou a Maria!</arg>
<doc>Logs the given message to the console.</doc>
<status status="PASS" starttime="20231213 22:37:17.988" endtime="20231213 22:37:17.989"/>
</kw>
<status status="PASS" starttime="20231213 22:37:17.988" endtime="20231213 22:37:17.989"/>
</branch>
<branch type="ELSE IF" condition="${nome} == 2">
<kw name="Log To Console" library="BuiltIn">
<arg>Eu sou o Jose!</arg>
<doc>Logs the given message to the console.</doc>
<status status="NOT RUN" starttime="20231213 22:37:17.990" endtime="20231213 22:37:17.990"/>
</kw>
<status status="NOT RUN" starttime="20231213 22:37:17.990" endtime="20231213 22:37:17.990"/>
</branch>
<branch type="ELSE">
<kw name="Log To Console" library="BuiltIn">
<arg>Eu não sou nem Maria nem Jose!</arg>
<doc>Logs the given message to the console.</doc>
<status status="NOT RUN" starttime="20231213 22:37:17.990" endtime="20231213 22:37:17.991"/>
</kw>
<status status="NOT RUN" starttime="20231213 22:37:17.990" endtime="20231213 22:37:17.991"/>
</branch>
<status status="PASS" starttime="20231213 22:37:17.988" endtime="20231213 22:37:17.991"/>
</if>
<status status="PASS" starttime="20231213 22:37:17.988" endtime="20231213 22:37:17.991"/>
</iter>
<status status="PASS" starttime="20231213 22:37:17.971" endtime="20231213 22:37:17.991"/>
</for>
<status status="PASS" starttime="20231213 22:37:17.970" endtime="20231213 22:37:17.991"/>
</kw>
<status status="PASS" starttime="20231213 22:37:17.969" endtime="20231213 22:37:17.993"/>
</test>
<doc>Exercício IF e FOR</doc>
<status status="PASS" starttime="20231213 22:37:17.933" endtime="20231213 22:37:17.995"/>
</suite>
<statistics>
<total>
<stat pass="1" fail="0" skip="0">All Tests</stat>
</total>
<tag>
</tag>
<suite>
<stat pass="1" fail="0" skip="0" id="s1" name="Exercicio">Exercicio</stat>
</suite>
</statistics>
<errors>
</errors>
</robot>
